2023-12-22 15:11:39.051 =>[main] == INFO  com.yhdyy.ybserver.YbServerApplication:55 - Starting YbServerApplication on Jaimes-MacBook-Pro.local with PID 83231 (/Users/m/Documents/YBServer/target/classes started by m in /Users/m/Documents/YBServer)
2023-12-22 15:11:39.057 =>[main] == DEBUG com.yhdyy.ybserver.YbServerApplication:56 - Running with Spring Boot v2.2.0.RELEASE, Spring v5.2.0.RELEASE
2023-12-22 15:11:39.058 =>[main] == INFO  com.yhdyy.ybserver.YbServerApplication:651 - No active profile set, falling back to default profiles: default
2023-12-22 15:11:39.793 =>[main] == DEBUG org.apache.ibatis.logging.LogFactory:105 - Logging initialized using 'class org.apache.ibatis.logging.slf4j.Slf4jImpl' adapter.
2023-12-22 15:11:39.796 =>[main] == DEBUG org.mybatis.spring.mapper.ClassPathMapperScanner:437 - Identified candidate component class: file [/Users/m/Documents/YBServer/target/classes/com/yhdyy/ybserver/daos/mssql/mzybDao.class]
2023-12-22 15:11:39.797 =>[main] == DEBUG org.mybatis.spring.mapper.ClassPathMapperScanner:49 - Creating MapperFactoryBean with name 'mzybDao' and 'com.yhdyy.ybserver.daos.mssql.mzybDao' mapperInterface
2023-12-22 15:11:39.922 =>[main] == INFO  org.springframework.context.support.PostProcessorRegistrationDelegate$BeanPostProcessorChecker:330 - Bean 'com.dtflys.forest.springboot.ForestAutoConfiguration' of type [com.dtflys.forest.springboot.ForestAutoConfiguration$$EnhancerBySpringCGLIB$$f528e873] is not eligible for getting processed by all BeanPostProcessors (for example: not eligible for auto-proxying)
2023-12-22 15:11:39.931 =>[main] == INFO  org.springframework.context.support.PostProcessorRegistrationDelegate$BeanPostProcessorChecker:330 - Bean 'org.springframework.transaction.annotation.ProxyTransactionManagementConfiguration' of type [org.springframework.transaction.annotation.ProxyTransactionManagementConfiguration] is not eligible for getting processed by all BeanPostProcessors (for example: not eligible for auto-proxying)
2023-12-22 15:11:39.950 =>[main] == INFO  org.springframework.context.support.PostProcessorRegistrationDelegate$BeanPostProcessorChecker:330 - Bean 'forestProperties' of type [com.dtflys.forest.config.SpringForestProperties] is not eligible for getting processed by all BeanPostProcessors (for example: not eligible for auto-proxying)
2023-12-22 15:11:39.952 =>[main] == INFO  org.springframework.context.support.PostProcessorRegistrationDelegate$BeanPostProcessorChecker:330 - Bean 'forestObjectFactory' of type [com.dtflys.forest.reflection.SpringForestObjectFactory] is not eligible for getting processed by all BeanPostProcessors (for example: not eligible for auto-proxying)
2023-12-22 15:11:39.955 =>[main] == INFO  org.springframework.context.support.PostProcessorRegistrationDelegate$BeanPostProcessorChecker:330 - Bean 'forestInterceptorFactory' of type [com.dtflys.forest.interceptor.SpringInterceptorFactory] is not eligible for getting processed by all BeanPostProcessors (for example: not eligible for auto-proxying)
2023-12-22 15:11:39.977 =>[main] == INFO  org.springframework.context.support.PostProcessorRegistrationDelegate$BeanPostProcessorChecker:330 - Bean 'forest-com.dtflys.forest.springboot.properties.ForestConfigurationProperties' of type [com.dtflys.forest.springboot.properties.ForestConfigurationProperties] is not eligible for getting processed by all BeanPostProcessors (for example: not eligible for auto-proxying)
2023-12-22 15:11:40.026 =>[main] == INFO  org.springframework.context.support.PostProcessorRegistrationDelegate$BeanPostProcessorChecker:330 - Bean 'forestConfiguration' of type [com.dtflys.forest.config.ForestConfiguration] is not eligible for getting processed by all BeanPostProcessors (for example: not eligible for auto-proxying)
2023-12-22 15:11:40.032 =>[main] == INFO  org.springframework.context.support.PostProcessorRegistrationDelegate$BeanPostProcessorChecker:330 - Bean 'forestConverterBeanListener' of type [com.dtflys.forest.spring.ConverterBeanListener] is not eligible for getting processed by all BeanPostProcessors (for example: not eligible for auto-proxying)
2023-12-22 15:11:40.047 =>[main] == DEBUG com.dtflys.forest.scanner.ClassPathClientScanner:437 - Identified candidate component class: file [/Users/m/Documents/YBServer/target/classes/com/yhdyy/ybserver/client/NetService.class]
2023-12-22 15:11:40.050 =>[main] == INFO  com.dtflys.forest.scanner.ClassPathClientScanner:158 - [Forest] Created Forest Client Bean with name 'netService' and Proxy of 'com.yhdyy.ybserver.client.NetService' client interface
2023-12-22 15:11:40.345 =>[main] == INFO  org.springframework.boot.web.embedded.tomcat.TomcatWebServer:92 - Tomcat initialized with port(s): 8080 (http)
2023-12-22 15:11:40.364 =>[main] == INFO  org.apache.coyote.http11.Http11NioProtocol:173 - Initializing ProtocolHandler ["http-nio-8080"]
2023-12-22 15:11:40.365 =>[main] == INFO  org.apache.catalina.core.StandardService:173 - Starting service [Tomcat]
2023-12-22 15:11:40.365 =>[main] == INFO  org.apache.catalina.core.StandardEngine:173 - Starting Servlet engine: [Apache Tomcat/9.0.27]
2023-12-22 15:11:40.429 =>[main] == INFO  org.apache.catalina.core.ContainerBase.[Tomcat].[localhost].[/]:173 - Initializing Spring embedded WebApplicationContext
2023-12-22 15:11:40.429 =>[main] == INFO  org.springframework.web.context.ContextLoader:284 - Root WebApplicationContext: initialization completed in 1290 ms
2023-12-22 15:11:40.605 =>[main] == DEBUG com.zaxxer.hikari.HikariConfig:900 - Driver class com.microsoft.sqlserver.jdbc.SQLServerDriver found in Thread context class loader jdk.internal.loader.ClassLoaders$AppClassLoader@251a69d7
2023-12-22 15:11:40.645 =>[main] == DEBUG org.mybatis.spring.SqlSessionFactoryBean:49 - Property 'configuration' or 'configLocation' not specified, using default MyBatis Configuration
2023-12-22 15:11:40.779 =>[main] == DEBUG org.mybatis.spring.SqlSessionFactoryBean:49 - Parsed mapper file: 'file [/Users/m/Documents/YBServer/target/classes/com/yhdyy/ybserver/daos/mssql/mzybDao.xml]'
2023-12-22 15:11:40.877 =>[main] == DEBUG org.hibernate.validator.internal.engine.resolver.TraversableResolvers:60 - Cannot find javax.persistence.Persistence on classpath. Assuming non JPA 2 environment. All properties will per default be traversable.
2023-12-22 15:11:40.879 =>[main] == DEBUG org.hibernate.validator.messageinterpolation.ResourceBundleMessageInterpolator:89 - Loaded expression factory via original TCCL
2023-12-22 15:11:40.890 =>[main] == DEBUG org.hibernate.validator.internal.engine.resolver.TraversableResolvers:60 - Cannot find javax.persistence.Persistence on classpath. Assuming non JPA 2 environment. All properties will per default be traversable.
2023-12-22 15:11:40.892 =>[main] == DEBUG org.hibernate.validator.internal.engine.ConfigurationImpl:148 - Setting custom MessageInterpolator of type org.springframework.validation.beanvalidation.LocaleContextMessageInterpolator
2023-12-22 15:11:40.892 =>[main] == DEBUG org.hibernate.validator.internal.engine.ConfigurationImpl:180 - Setting custom ConstraintValidatorFactory of type org.springframework.validation.beanvalidation.SpringConstraintValidatorFactory
2023-12-22 15:11:40.893 =>[main] == DEBUG org.hibernate.validator.internal.engine.ConfigurationImpl:194 - Setting custom ParameterNameProvider of type org.springframework.validation.beanvalidation.LocalValidatorFactoryBean$1
2023-12-22 15:11:40.894 =>[main] == DEBUG org.hibernate.validator.internal.xml.config.ValidationXmlParser:120 - Trying to load META-INF/validation.xml for XML based Validator configuration.
2023-12-22 15:11:40.894 =>[main] == DEBUG org.hibernate.validator.internal.xml.config.ResourceLoaderHelper:53 - Trying to load META-INF/validation.xml via user class loader
2023-12-22 15:11:40.894 =>[main] == DEBUG org.hibernate.validator.internal.xml.config.ResourceLoaderHelper:60 - Trying to load META-INF/validation.xml via TCCL
2023-12-22 15:11:40.895 =>[main] == DEBUG org.hibernate.validator.internal.xml.config.ResourceLoaderHelper:66 - Trying to load META-INF/validation.xml via Hibernate Validator's class loader
2023-12-22 15:11:40.895 =>[main] == DEBUG org.hibernate.validator.internal.xml.config.ValidationXmlParser:127 - No META-INF/validation.xml found. Using annotation based configuration only.
2023-12-22 15:11:40.900 =>[main] == DEBUG org.hibernate.validator.internal.engine.ValidatorFactoryImpl:578 - HV000234: Using org.springframework.validation.beanvalidation.LocaleContextMessageInterpolator as ValidatorFactory-scoped message interpolator.
2023-12-22 15:11:40.900 =>[main] == DEBUG org.hibernate.validator.internal.engine.ValidatorFactoryImpl:579 - HV000234: Using org.hibernate.validator.internal.engine.resolver.TraverseAllTraversableResolver as ValidatorFactory-scoped traversable resolver.
2023-12-22 15:11:40.900 =>[main] == DEBUG org.hibernate.validator.internal.engine.ValidatorFactoryImpl:580 - HV000234: Using org.hibernate.validator.internal.util.ExecutableParameterNameProvider as ValidatorFactory-scoped parameter name provider.
2023-12-22 15:11:40.900 =>[main] == DEBUG org.hibernate.validator.internal.engine.ValidatorFactoryImpl:581 - HV000234: Using org.hibernate.validator.internal.engine.DefaultClockProvider as ValidatorFactory-scoped clock provider.
2023-12-22 15:11:40.901 =>[main] == DEBUG org.hibernate.validator.internal.engine.ValidatorFactoryImpl:582 - HV000234: Using org.hibernate.validator.internal.engine.scripting.DefaultScriptEvaluatorFactory as ValidatorFactory-scoped script evaluator factory.
2023-12-22 15:11:41.126 =>[main] == INFO  org.springframework.scheduling.concurrent.ThreadPoolTaskExecutor:171 - Initializing ExecutorService 'applicationTaskExecutor'
2023-12-22 15:11:41.475 =>[main] == INFO  org.springframework.scheduling.concurrent.ThreadPoolTaskScheduler:171 - Initializing ExecutorService 'taskScheduler'
2023-12-22 15:11:41.514 =>[main] == INFO  org.apache.coyote.http11.Http11NioProtocol:173 - Starting ProtocolHandler ["http-nio-8080"]
2023-12-22 15:11:41.540 =>[main] == INFO  org.springframework.boot.web.embedded.tomcat.TomcatWebServer:204 - Tomcat started on port(s): 8080 (http) with context path ''
2023-12-22 15:11:41.542 =>[main] == INFO  com.yhdyy.ybserver.YbServerApplication:61 - Started YbServerApplication in 3.038 seconds (JVM running for 5.336)
2023-12-22 15:11:42.981 =>[SpringContextShutdownHook] == INFO  org.springframework.scheduling.concurrent.ThreadPoolTaskScheduler:208 - Shutting down ExecutorService 'taskScheduler'
2023-12-22 15:11:42.982 =>[SpringContextShutdownHook] == INFO  org.springframework.scheduling.concurrent.ThreadPoolTaskExecutor:208 - Shutting down ExecutorService 'applicationTaskExecutor'
