2023-12-28 19:20:26.438 =>[background-preinit] == DEBUG org.hibernate.validator.messageinterpolation.ResourceBundleMessageInterpolator:89 - Loaded expression factory via original TCCL
2023-12-28 19:20:26.455 =>[background-preinit] == DEBUG org.hibernate.validator.internal.engine.ValidatorFactoryImpl:578 - HV000234: Using org.hibernate.validator.messageinterpolation.ResourceBundleMessageInterpolator as ValidatorFactory-scoped message interpolator.
2023-12-28 19:20:26.455 =>[background-preinit] == DEBUG org.hibernate.validator.internal.engine.ValidatorFactoryImpl:579 - HV000234: Using org.hibernate.validator.internal.engine.resolver.TraverseAllTraversableResolver as ValidatorFactory-scoped traversable resolver.
2023-12-28 19:20:26.456 =>[background-preinit] == DEBUG org.hibernate.validator.internal.engine.ValidatorFactoryImpl:580 - HV000234: Using org.hibernate.validator.internal.util.ExecutableParameterNameProvider as ValidatorFactory-scoped parameter name provider.
2023-12-28 19:20:26.456 =>[background-preinit] == DEBUG org.hibernate.validator.internal.engine.ValidatorFactoryImpl:581 - HV000234: Using org.hibernate.validator.internal.engine.DefaultClockProvider as ValidatorFactory-scoped clock provider.
2023-12-28 19:20:26.457 =>[background-preinit] == DEBUG org.hibernate.validator.internal.engine.ValidatorFactoryImpl:582 - HV000234: Using org.hibernate.validator.internal.engine.scripting.DefaultScriptEvaluatorFactory as ValidatorFactory-scoped script evaluator factory.
2023-12-28 19:20:26.525 =>[main] == INFO  com.yhdyy.ybserver.YbServerApplication:55 - Starting YbServerApplication on Jaimes-MacBook-Pro.local with PID 17652 (/Users/m/Documents/YBServer/target/classes started by m in /Users/m/Documents/YBServer)
2023-12-28 19:20:26.530 =>[main] == DEBUG com.yhdyy.ybserver.YbServerApplication:56 - Running with Spring Boot v2.2.0.RELEASE, Spring v5.2.0.RELEASE
2023-12-28 19:20:26.531 =>[main] == INFO  com.yhdyy.ybserver.YbServerApplication:651 - No active profile set, falling back to default profiles: default
2023-12-28 19:20:27.422 =>[main] == DEBUG org.apache.ibatis.logging.LogFactory:105 - Logging initialized using 'class org.apache.ibatis.logging.slf4j.Slf4jImpl' adapter.
2023-12-28 19:20:27.425 =>[main] == DEBUG org.mybatis.spring.mapper.ClassPathMapperScanner:437 - Identified candidate component class: file [/Users/m/Documents/YBServer/target/classes/com/yhdyy/ybserver/daos/mssql/mzybDao.class]
2023-12-28 19:20:27.426 =>[main] == DEBUG org.mybatis.spring.mapper.ClassPathMapperScanner:49 - Creating MapperFactoryBean with name 'mzybDao' and 'com.yhdyy.ybserver.daos.mssql.mzybDao' mapperInterface
2023-12-28 19:20:28.032 =>[main] == INFO  org.springframework.context.support.PostProcessorRegistrationDelegate$BeanPostProcessorChecker:330 - Bean 'com.dtflys.forest.springboot.ForestAutoConfiguration' of type [com.dtflys.forest.springboot.ForestAutoConfiguration$$EnhancerBySpringCGLIB$$c9705b49] is not eligible for getting processed by all BeanPostProcessors (for example: not eligible for auto-proxying)
2023-12-28 19:20:28.040 =>[main] == INFO  org.springframework.context.support.PostProcessorRegistrationDelegate$BeanPostProcessorChecker:330 - Bean 'org.springframework.transaction.annotation.ProxyTransactionManagementConfiguration' of type [org.springframework.transaction.annotation.ProxyTransactionManagementConfiguration] is not eligible for getting processed by all BeanPostProcessors (for example: not eligible for auto-proxying)
2023-12-28 19:20:28.070 =>[main] == INFO  org.springframework.context.support.PostProcessorRegistrationDelegate$BeanPostProcessorChecker:330 - Bean 'forestProperties' of type [com.dtflys.forest.config.SpringForestProperties] is not eligible for getting processed by all BeanPostProcessors (for example: not eligible for auto-proxying)
2023-12-28 19:20:28.072 =>[main] == INFO  org.springframework.context.support.PostProcessorRegistrationDelegate$BeanPostProcessorChecker:330 - Bean 'forestObjectFactory' of type [com.dtflys.forest.reflection.SpringForestObjectFactory] is not eligible for getting processed by all BeanPostProcessors (for example: not eligible for auto-proxying)
2023-12-28 19:20:28.076 =>[main] == INFO  org.springframework.context.support.PostProcessorRegistrationDelegate$BeanPostProcessorChecker:330 - Bean 'forestInterceptorFactory' of type [com.dtflys.forest.interceptor.SpringInterceptorFactory] is not eligible for getting processed by all BeanPostProcessors (for example: not eligible for auto-proxying)
2023-12-28 19:20:28.122 =>[main] == INFO  org.springframework.context.support.PostProcessorRegistrationDelegate$BeanPostProcessorChecker:330 - Bean 'forest-com.dtflys.forest.springboot.properties.ForestConfigurationProperties' of type [com.dtflys.forest.springboot.properties.ForestConfigurationProperties] is not eligible for getting processed by all BeanPostProcessors (for example: not eligible for auto-proxying)
2023-12-28 19:20:28.171 =>[main] == INFO  org.springframework.context.support.PostProcessorRegistrationDelegate$BeanPostProcessorChecker:330 - Bean 'forestConfiguration' of type [com.dtflys.forest.config.ForestConfiguration] is not eligible for getting processed by all BeanPostProcessors (for example: not eligible for auto-proxying)
2023-12-28 19:20:28.178 =>[main] == INFO  org.springframework.context.support.PostProcessorRegistrationDelegate$BeanPostProcessorChecker:330 - Bean 'forestConverterBeanListener' of type [com.dtflys.forest.spring.ConverterBeanListener] is not eligible for getting processed by all BeanPostProcessors (for example: not eligible for auto-proxying)
2023-12-28 19:20:28.194 =>[main] == DEBUG com.dtflys.forest.scanner.ClassPathClientScanner:437 - Identified candidate component class: file [/Users/m/Documents/YBServer/target/classes/com/yhdyy/ybserver/client/NetService.class]
2023-12-28 19:20:28.198 =>[main] == INFO  com.dtflys.forest.scanner.ClassPathClientScanner:158 - [Forest] Created Forest Client Bean with name 'netService' and Proxy of 'com.yhdyy.ybserver.client.NetService' client interface
2023-12-28 19:20:28.613 =>[main] == INFO  org.springframework.boot.web.embedded.tomcat.TomcatWebServer:92 - Tomcat initialized with port(s): 8080 (http)
2023-12-28 19:20:28.622 =>[main] == INFO  org.apache.coyote.http11.Http11NioProtocol:173 - Initializing ProtocolHandler ["http-nio-8080"]
2023-12-28 19:20:28.623 =>[main] == INFO  org.apache.catalina.core.StandardService:173 - Starting service [Tomcat]
2023-12-28 19:20:28.623 =>[main] == INFO  org.apache.catalina.core.StandardEngine:173 - Starting Servlet engine: [Apache Tomcat/9.0.27]
2023-12-28 19:20:28.779 =>[main] == INFO  org.apache.catalina.core.ContainerBase.[Tomcat].[localhost].[/]:173 - Initializing Spring embedded WebApplicationContext
2023-12-28 19:20:28.779 =>[main] == INFO  org.springframework.web.context.ContextLoader:284 - Root WebApplicationContext: initialization completed in 2174 ms
2023-12-28 19:20:29.145 =>[main] == DEBUG com.zaxxer.hikari.HikariConfig:900 - Driver class com.microsoft.sqlserver.jdbc.SQLServerDriver found in Thread context class loader jdk.internal.loader.ClassLoaders$AppClassLoader@251a69d7
2023-12-28 19:20:29.176 =>[main] == DEBUG org.mybatis.spring.SqlSessionFactoryBean:49 - Property 'configuration' or 'configLocation' not specified, using default MyBatis Configuration
2023-12-28 19:20:29.428 =>[main] == DEBUG org.mybatis.spring.SqlSessionFactoryBean:49 - Parsed mapper file: 'file [/Users/m/Documents/YBServer/target/classes/com/yhdyy/ybserver/daos/mssql/mzybDao.xml]'
2023-12-28 19:20:29.511 =>[main] == DEBUG org.hibernate.validator.internal.engine.resolver.TraversableResolvers:60 - Cannot find javax.persistence.Persistence on classpath. Assuming non JPA 2 environment. All properties will per default be traversable.
2023-12-28 19:20:29.512 =>[main] == DEBUG org.hibernate.validator.messageinterpolation.ResourceBundleMessageInterpolator:89 - Loaded expression factory via original TCCL
2023-12-28 19:20:29.519 =>[main] == DEBUG org.hibernate.validator.internal.engine.resolver.TraversableResolvers:60 - Cannot find javax.persistence.Persistence on classpath. Assuming non JPA 2 environment. All properties will per default be traversable.
2023-12-28 19:20:29.529 =>[main] == DEBUG org.hibernate.validator.internal.engine.ConfigurationImpl:148 - Setting custom MessageInterpolator of type org.springframework.validation.beanvalidation.LocaleContextMessageInterpolator
2023-12-28 19:20:29.529 =>[main] == DEBUG org.hibernate.validator.internal.engine.ConfigurationImpl:180 - Setting custom ConstraintValidatorFactory of type org.springframework.validation.beanvalidation.SpringConstraintValidatorFactory
2023-12-28 19:20:29.530 =>[main] == DEBUG org.hibernate.validator.internal.engine.ConfigurationImpl:194 - Setting custom ParameterNameProvider of type org.springframework.validation.beanvalidation.LocalValidatorFactoryBean$1
2023-12-28 19:20:29.531 =>[main] == DEBUG org.hibernate.validator.internal.xml.config.ValidationXmlParser:120 - Trying to load META-INF/validation.xml for XML based Validator configuration.
2023-12-28 19:20:29.531 =>[main] == DEBUG org.hibernate.validator.internal.xml.config.ResourceLoaderHelper:53 - Trying to load META-INF/validation.xml via user class loader
2023-12-28 19:20:29.531 =>[main] == DEBUG org.hibernate.validator.internal.xml.config.ResourceLoaderHelper:60 - Trying to load META-INF/validation.xml via TCCL
2023-12-28 19:20:29.531 =>[main] == DEBUG org.hibernate.validator.internal.xml.config.ResourceLoaderHelper:66 - Trying to load META-INF/validation.xml via Hibernate Validator's class loader
2023-12-28 19:20:29.532 =>[main] == DEBUG org.hibernate.validator.internal.xml.config.ValidationXmlParser:127 - No META-INF/validation.xml found. Using annotation based configuration only.
2023-12-28 19:20:29.537 =>[main] == DEBUG org.hibernate.validator.internal.engine.ValidatorFactoryImpl:578 - HV000234: Using org.springframework.validation.beanvalidation.LocaleContextMessageInterpolator as ValidatorFactory-scoped message interpolator.
2023-12-28 19:20:29.537 =>[main] == DEBUG org.hibernate.validator.internal.engine.ValidatorFactoryImpl:579 - HV000234: Using org.hibernate.validator.internal.engine.resolver.TraverseAllTraversableResolver as ValidatorFactory-scoped traversable resolver.
2023-12-28 19:20:29.537 =>[main] == DEBUG org.hibernate.validator.internal.engine.ValidatorFactoryImpl:580 - HV000234: Using org.hibernate.validator.internal.util.ExecutableParameterNameProvider as ValidatorFactory-scoped parameter name provider.
2023-12-28 19:20:29.538 =>[main] == DEBUG org.hibernate.validator.internal.engine.ValidatorFactoryImpl:581 - HV000234: Using org.hibernate.validator.internal.engine.DefaultClockProvider as ValidatorFactory-scoped clock provider.
2023-12-28 19:20:29.538 =>[main] == DEBUG org.hibernate.validator.internal.engine.ValidatorFactoryImpl:582 - HV000234: Using org.hibernate.validator.internal.engine.scripting.DefaultScriptEvaluatorFactory as ValidatorFactory-scoped script evaluator factory.
2023-12-28 19:20:29.684 =>[main] == INFO  org.springframework.scheduling.concurrent.ThreadPoolTaskExecutor:171 - Initializing ExecutorService 'applicationTaskExecutor'
2023-12-28 19:20:29.918 =>[main] == INFO  org.springframework.scheduling.concurrent.ThreadPoolTaskScheduler:171 - Initializing ExecutorService 'taskScheduler'
2023-12-28 19:20:29.967 =>[main] == INFO  org.apache.coyote.http11.Http11NioProtocol:173 - Starting ProtocolHandler ["http-nio-8080"]
2023-12-28 19:20:29.998 =>[main] == INFO  org.springframework.boot.web.embedded.tomcat.TomcatWebServer:204 - Tomcat started on port(s): 8080 (http) with context path ''
2023-12-28 19:20:30.000 =>[main] == INFO  com.yhdyy.ybserver.YbServerApplication:61 - Started YbServerApplication in 3.76 seconds (JVM running for 5.453)
2023-12-28 19:20:31.334 =>[http-nio-8080-exec-1] == INFO  org.apache.catalina.core.ContainerBase.[Tomcat].[localhost].[/]:173 - Initializing Spring DispatcherServlet 'dispatcherServlet'
2023-12-28 19:20:31.336 =>[http-nio-8080-exec-1] == INFO  org.springframework.web.servlet.DispatcherServlet:525 - Initializing Servlet 'dispatcherServlet'
2023-12-28 19:20:31.356 =>[http-nio-8080-exec-1] == INFO  org.springframework.web.servlet.DispatcherServlet:547 - Completed initialization in 20 ms
2023-12-28 19:20:39.278 =>[http-nio-8080-exec-2] == INFO  com.yhdyy.ybserver.services.MzybService:62 - doUpload------Reg
2023-12-28 19:20:39.292 =>[http-nio-8080-exec-2] == DEBUG org.mybatis.spring.SqlSessionUtils:49 - Creating a new SqlSession
2023-12-28 19:20:39.302 =>[http-nio-8080-exec-2] == DEBUG org.mybatis.spring.SqlSessionUtils:49 - SqlSession [org.apache.ibatis.session.defaults.DefaultSqlSession@40976c28] was not registered for synchronization because synchronization is not active
2023-12-28 19:20:39.353 =>[http-nio-8080-exec-2] == DEBUG com.zaxxer.hikari.HikariConfig:1020 - HikariPool-1 - configuration:
2023-12-28 19:20:39.356 =>[http-nio-8080-exec-2] == DEBUG com.zaxxer.hikari.HikariConfig:1052 - allowPoolSuspension.............false
2023-12-28 19:20:39.357 =>[http-nio-8080-exec-2] == DEBUG com.zaxxer.hikari.HikariConfig:1052 - autoCommit......................true
2023-12-28 19:20:39.357 =>[http-nio-8080-exec-2] == DEBUG com.zaxxer.hikari.HikariConfig:1052 - catalog.........................none
2023-12-28 19:20:39.357 =>[http-nio-8080-exec-2] == DEBUG com.zaxxer.hikari.HikariConfig:1052 - connectionInitSql...............none
2023-12-28 19:20:39.358 =>[http-nio-8080-exec-2] == DEBUG com.zaxxer.hikari.HikariConfig:1052 - connectionTestQuery.............none
2023-12-28 19:20:39.358 =>[http-nio-8080-exec-2] == DEBUG com.zaxxer.hikari.HikariConfig:1052 - connectionTimeout...............30000
2023-12-28 19:20:39.359 =>[http-nio-8080-exec-2] == DEBUG com.zaxxer.hikari.HikariConfig:1052 - dataSource......................none
2023-12-28 19:20:39.360 =>[http-nio-8080-exec-2] == DEBUG com.zaxxer.hikari.HikariConfig:1052 - dataSourceClassName.............none
2023-12-28 19:20:39.360 =>[http-nio-8080-exec-2] == DEBUG com.zaxxer.hikari.HikariConfig:1052 - dataSourceJNDI..................none
2023-12-28 19:20:39.361 =>[http-nio-8080-exec-2] == DEBUG com.zaxxer.hikari.HikariConfig:1052 - dataSourceProperties............{password=<masked>}
2023-12-28 19:20:39.361 =>[http-nio-8080-exec-2] == DEBUG com.zaxxer.hikari.HikariConfig:1052 - driverClassName................."com.microsoft.sqlserver.jdbc.SQLServerDriver"
2023-12-28 19:20:39.361 =>[http-nio-8080-exec-2] == DEBUG com.zaxxer.hikari.HikariConfig:1052 - healthCheckProperties...........{}
2023-12-28 19:20:39.362 =>[http-nio-8080-exec-2] == DEBUG com.zaxxer.hikari.HikariConfig:1052 - healthCheckRegistry.............none
2023-12-28 19:20:39.362 =>[http-nio-8080-exec-2] == DEBUG com.zaxxer.hikari.HikariConfig:1052 - idleTimeout.....................600000
2023-12-28 19:20:39.362 =>[http-nio-8080-exec-2] == DEBUG com.zaxxer.hikari.HikariConfig:1052 - initializationFailTimeout.......1
2023-12-28 19:20:39.363 =>[http-nio-8080-exec-2] == DEBUG com.zaxxer.hikari.HikariConfig:1052 - isolateInternalQueries..........false
2023-12-28 19:20:39.363 =>[http-nio-8080-exec-2] == DEBUG com.zaxxer.hikari.HikariConfig:1052 - jdbcUrl.........................jdbc:sqlserver://192.168.191.155:1433;databaseName=mzyb;encrypt=true;trustServerCertificate=true;
2023-12-28 19:20:39.363 =>[http-nio-8080-exec-2] == DEBUG com.zaxxer.hikari.HikariConfig:1052 - leakDetectionThreshold..........0
2023-12-28 19:20:39.363 =>[http-nio-8080-exec-2] == DEBUG com.zaxxer.hikari.HikariConfig:1052 - maxLifetime.....................1800000
2023-12-28 19:20:39.363 =>[http-nio-8080-exec-2] == DEBUG com.zaxxer.hikari.HikariConfig:1052 - maximumPoolSize.................10
2023-12-28 19:20:39.364 =>[http-nio-8080-exec-2] == DEBUG com.zaxxer.hikari.HikariConfig:1052 - metricRegistry..................none
2023-12-28 19:20:39.364 =>[http-nio-8080-exec-2] == DEBUG com.zaxxer.hikari.HikariConfig:1052 - metricsTrackerFactory...........none
2023-12-28 19:20:39.364 =>[http-nio-8080-exec-2] == DEBUG com.zaxxer.hikari.HikariConfig:1052 - minimumIdle.....................10
2023-12-28 19:20:39.364 =>[http-nio-8080-exec-2] == DEBUG com.zaxxer.hikari.HikariConfig:1052 - password........................<masked>
2023-12-28 19:20:39.365 =>[http-nio-8080-exec-2] == DEBUG com.zaxxer.hikari.HikariConfig:1052 - poolName........................"HikariPool-1"
2023-12-28 19:20:39.365 =>[http-nio-8080-exec-2] == DEBUG com.zaxxer.hikari.HikariConfig:1052 - readOnly........................false
2023-12-28 19:20:39.365 =>[http-nio-8080-exec-2] == DEBUG com.zaxxer.hikari.HikariConfig:1052 - registerMbeans..................false
2023-12-28 19:20:39.365 =>[http-nio-8080-exec-2] == DEBUG com.zaxxer.hikari.HikariConfig:1052 - scheduledExecutor...............none
2023-12-28 19:20:39.366 =>[http-nio-8080-exec-2] == DEBUG com.zaxxer.hikari.HikariConfig:1052 - schema..........................none
2023-12-28 19:20:39.366 =>[http-nio-8080-exec-2] == DEBUG com.zaxxer.hikari.HikariConfig:1052 - threadFactory...................internal
2023-12-28 19:20:39.366 =>[http-nio-8080-exec-2] == DEBUG com.zaxxer.hikari.HikariConfig:1052 - transactionIsolation............default
2023-12-28 19:20:39.366 =>[http-nio-8080-exec-2] == DEBUG com.zaxxer.hikari.HikariConfig:1052 - username........................"wjs_zy"
2023-12-28 19:20:39.367 =>[http-nio-8080-exec-2] == DEBUG com.zaxxer.hikari.HikariConfig:1052 - validationTimeout...............5000
2023-12-28 19:20:39.367 =>[http-nio-8080-exec-2] == INFO  com.zaxxer.hikari.HikariDataSource:110 - HikariPool-1 - Starting...
2023-12-28 19:20:59.144 =>[SpringContextShutdownHook] == INFO  org.springframework.scheduling.concurrent.ThreadPoolTaskScheduler:208 - Shutting down ExecutorService 'taskScheduler'
2023-12-28 19:20:59.148 =>[SpringContextShutdownHook] == INFO  org.springframework.scheduling.concurrent.ThreadPoolTaskExecutor:208 - Shutting down ExecutorService 'applicationTaskExecutor'
